Flow report for Example_3_Both_Buffers
Wed Dec 03 17:55:03 2014
Quartus II 64-Bit Version 13.0.1 Build 232 06/12/2013 Service Pack 1 SJ Web Edition


---------------------
; Table of Contents ;
---------------------
  1. Legal Notice
  2. Flow Summary
  3. Flow Settings
  4. Flow Non-Default Global Settings
  5. Flow Elapsed Time
  6. Flow OS Summary
  7. Flow Log
  8. Flow Messages
  9. Flow Suppressed Messages



----------------
; Legal Notice ;
----------------
Copyright (C) 1991-2013 Altera Corporation
Your use of Altera Corporation's design tools, logic functions 
and other software and tools, and its AMPP partner logic 
functions, and any output files from any of the foregoing 
(including device programming or simulation files), and any 
associated documentation or information are expressly subject 
to the terms and conditions of the Altera Program License 
Subscription Agreement, Altera MegaCore Function License 
Agreement, or other applicable license agreement, including, 
without limitation, that your use is for the sole purpose of 
programming logic devices manufactured by Altera and sold by 
Altera or its authorized distributors.  Please refer to the 
applicable agreement for further details.



+--------------------------------------------------------------------------------------+
; Flow Summary                                                                         ;
+------------------------------------+-------------------------------------------------+
; Flow Status                        ; Successful - Wed Dec 03 17:54:59 2014           ;
; Quartus II 64-Bit Version          ; 13.0.1 Build 232 06/12/2013 SP 1 SJ Web Edition ;
; Revision Name                      ; Example_3_Both_Buffers                          ;
; Top-level Entity Name              ; Example_3_Both_Buffers                          ;
; Family                             ; Cyclone II                                      ;
; Device                             ; EP2C20F484C7                                    ;
; Timing Models                      ; Final                                           ;
; Total logic elements               ; 3,330 / 18,752 ( 18 % )                         ;
;     Total combinational functions  ; 3,153 / 18,752 ( 17 % )                         ;
;     Dedicated logic registers      ; 1,821 / 18,752 ( 10 % )                         ;
; Total registers                    ; 1910                                            ;
; Total pins                         ; 81 / 315 ( 26 % )                               ;
; Total virtual pins                 ; 0                                               ;
; Total memory bits                  ; 200,480 / 239,616 ( 84 % )                      ;
; Embedded Multiplier 9-bit elements ; 0 / 52 ( 0 % )                                  ;
; Total PLLs                         ; 1 / 4 ( 25 % )                                  ;
+------------------------------------+-------------------------------------------------+


+--------------------------------------------+
; Flow Settings                              ;
+-------------------+------------------------+
; Option            ; Setting                ;
+-------------------+------------------------+
; Start date & time ; 12/03/2014 17:53:41    ;
; Main task         ; Compilation            ;
; Revision Name     ; Example_3_Both_Buffers ;
+-------------------+------------------------+


+------------------------------------------------------------------------------------------------------------------------------------------------------------------------------+
; Flow Non-Default Global Settings                                                                                                                                             ;
+-------------------------------------+----------------------------------------------------------------+---------------+------------------------------------------+------------+
; Assignment Name                     ; Value                                                          ; Default Value ; Entity Name                              ; Section Id ;
+-------------------------------------+----------------------------------------------------------------+---------------+------------------------------------------+------------+
; COMPILER_SIGNATURE_ID               ; 48658624755006.141765082001408                                 ; --            ; --                                       ; --         ;
; IP_TOOL_ENV                         ; Qsys                                                           ; --            ; Video_System                             ; --         ;
; IP_TOOL_ENV                         ; Qsys                                                           ; --            ; Video_System_CPU                         ; --         ;
; IP_TOOL_ENV                         ; Qsys                                                           ; --            ; Video_System_Onchip_Memory               ; --         ;
; IP_TOOL_ENV                         ; Qsys                                                           ; --            ; Video_System_addr_router                 ; --         ;
; IP_TOOL_ENV                         ; Qsys                                                           ; --            ; Video_System_addr_router_001             ; --         ;
; IP_TOOL_ENV                         ; Qsys                                                           ; --            ; Video_System_addr_router_002             ; --         ;
; IP_TOOL_ENV                         ; Qsys                                                           ; --            ; Video_System_cmd_xbar_demux              ; --         ;
; IP_TOOL_ENV                         ; Qsys                                                           ; --            ; Video_System_cmd_xbar_demux_001          ; --         ;
; IP_TOOL_ENV                         ; Qsys                                                           ; --            ; Video_System_cmd_xbar_demux_002          ; --         ;
; IP_TOOL_ENV                         ; Qsys                                                           ; --            ; Video_System_cmd_xbar_mux                ; --         ;
; IP_TOOL_ENV                         ; Qsys                                                           ; --            ; Video_System_cmd_xbar_mux_004            ; --         ;
; IP_TOOL_ENV                         ; Qsys                                                           ; --            ; Video_System_id_router                   ; --         ;
; IP_TOOL_ENV                         ; Qsys                                                           ; --            ; Video_System_id_router_002               ; --         ;
; IP_TOOL_ENV                         ; Qsys                                                           ; --            ; Video_System_id_router_003               ; --         ;
; IP_TOOL_ENV                         ; Qsys                                                           ; --            ; Video_System_id_router_004               ; --         ;
; IP_TOOL_ENV                         ; Qsys                                                           ; --            ; Video_System_irq_mapper                  ; --         ;
; IP_TOOL_ENV                         ; Qsys                                                           ; --            ; Video_System_pio_0                       ; --         ;
; IP_TOOL_ENV                         ; Qsys                                                           ; --            ; Video_System_rsp_xbar_demux_002          ; --         ;
; IP_TOOL_ENV                         ; Qsys                                                           ; --            ; Video_System_rsp_xbar_demux_003          ; --         ;
; IP_TOOL_ENV                         ; Qsys                                                           ; --            ; Video_System_rsp_xbar_demux_004          ; --         ;
; IP_TOOL_ENV                         ; Qsys                                                           ; --            ; Video_System_rsp_xbar_mux                ; --         ;
; IP_TOOL_ENV                         ; Qsys                                                           ; --            ; Video_System_rsp_xbar_mux_001            ; --         ;
; IP_TOOL_ENV                         ; Qsys                                                           ; --            ; altera_avalon_sc_fifo                    ; --         ;
; IP_TOOL_ENV                         ; Qsys                                                           ; --            ; altera_avalon_st_handshake_clock_crosser ; --         ;
; IP_TOOL_ENV                         ; Qsys                                                           ; --            ; altera_merlin_burst_adapter              ; --         ;
; IP_TOOL_ENV                         ; Qsys                                                           ; --            ; altera_merlin_master_agent               ; --         ;
; IP_TOOL_ENV                         ; Qsys                                                           ; --            ; altera_merlin_master_translator          ; --         ;
; IP_TOOL_ENV                         ; Qsys                                                           ; --            ; altera_merlin_slave_agent                ; --         ;
; IP_TOOL_ENV                         ; Qsys                                                           ; --            ; altera_merlin_slave_translator           ; --         ;
; IP_TOOL_ENV                         ; Qsys                                                           ; --            ; altera_merlin_width_adapter              ; --         ;
; IP_TOOL_ENV                         ; Qsys                                                           ; --            ; altera_reset_controller                  ; --         ;
; IP_TOOL_NAME                        ; Qsys                                                           ; --            ; Video_System                             ; --         ;
; IP_TOOL_NAME                        ; altera_nios2_qsys                                              ; --            ; Video_System_CPU                         ; --         ;
; IP_TOOL_NAME                        ; altera_avalon_onchip_memory2                                   ; --            ; Video_System_Onchip_Memory               ; --         ;
; IP_TOOL_NAME                        ; altera_merlin_router                                           ; --            ; Video_System_addr_router                 ; --         ;
; IP_TOOL_NAME                        ; altera_merlin_router                                           ; --            ; Video_System_addr_router_001             ; --         ;
; IP_TOOL_NAME                        ; altera_merlin_router                                           ; --            ; Video_System_addr_router_002             ; --         ;
; IP_TOOL_NAME                        ; altera_merlin_demultiplexer                                    ; --            ; Video_System_cmd_xbar_demux              ; --         ;
; IP_TOOL_NAME                        ; altera_merlin_demultiplexer                                    ; --            ; Video_System_cmd_xbar_demux_001          ; --         ;
; IP_TOOL_NAME                        ; altera_merlin_demultiplexer                                    ; --            ; Video_System_cmd_xbar_demux_002          ; --         ;
; IP_TOOL_NAME                        ; altera_merlin_multiplexer                                      ; --            ; Video_System_cmd_xbar_mux                ; --         ;
; IP_TOOL_NAME                        ; altera_merlin_multiplexer                                      ; --            ; Video_System_cmd_xbar_mux_004            ; --         ;
; IP_TOOL_NAME                        ; altera_merlin_router                                           ; --            ; Video_System_id_router                   ; --         ;
; IP_TOOL_NAME                        ; altera_merlin_router                                           ; --            ; Video_System_id_router_002               ; --         ;
; IP_TOOL_NAME                        ; altera_merlin_router                                           ; --            ; Video_System_id_router_003               ; --         ;
; IP_TOOL_NAME                        ; altera_merlin_router                                           ; --            ; Video_System_id_router_004               ; --         ;
; IP_TOOL_NAME                        ; altera_irq_mapper                                              ; --            ; Video_System_irq_mapper                  ; --         ;
; IP_TOOL_NAME                        ; altera_avalon_pio                                              ; --            ; Video_System_pio_0                       ; --         ;
; IP_TOOL_NAME                        ; altera_merlin_demultiplexer                                    ; --            ; Video_System_rsp_xbar_demux_002          ; --         ;
; IP_TOOL_NAME                        ; altera_merlin_demultiplexer                                    ; --            ; Video_System_rsp_xbar_demux_003          ; --         ;
; IP_TOOL_NAME                        ; altera_merlin_demultiplexer                                    ; --            ; Video_System_rsp_xbar_demux_004          ; --         ;
; IP_TOOL_NAME                        ; altera_merlin_multiplexer                                      ; --            ; Video_System_rsp_xbar_mux                ; --         ;
; IP_TOOL_NAME                        ; altera_merlin_multiplexer                                      ; --            ; Video_System_rsp_xbar_mux_001            ; --         ;
; IP_TOOL_NAME                        ; altera_avalon_sc_fifo                                          ; --            ; altera_avalon_sc_fifo                    ; --         ;
; IP_TOOL_NAME                        ; altera_avalon_st_handshake_clock_crosser                       ; --            ; altera_avalon_st_handshake_clock_crosser ; --         ;
; IP_TOOL_NAME                        ; altera_merlin_burst_adapter                                    ; --            ; altera_merlin_burst_adapter              ; --         ;
; IP_TOOL_NAME                        ; altera_merlin_master_agent                                     ; --            ; altera_merlin_master_agent               ; --         ;
; IP_TOOL_NAME                        ; altera_merlin_master_translator                                ; --            ; altera_merlin_master_translator          ; --         ;
; IP_TOOL_NAME                        ; altera_merlin_slave_agent                                      ; --            ; altera_merlin_slave_agent                ; --         ;
; IP_TOOL_NAME                        ; altera_merlin_slave_translator                                 ; --            ; altera_merlin_slave_translator           ; --         ;
; IP_TOOL_NAME                        ; altera_merlin_width_adapter                                    ; --            ; altera_merlin_width_adapter              ; --         ;
; IP_TOOL_NAME                        ; altera_reset_controller                                        ; --            ; altera_reset_controller                  ; --         ;
; IP_TOOL_VERSION                     ; 13.0sp1                                                        ; --            ; Video_System                             ; --         ;
; IP_TOOL_VERSION                     ; 13.0                                                           ; --            ; Video_System_CPU                         ; --         ;
; IP_TOOL_VERSION                     ; 13.0.1.99.2                                                    ; --            ; Video_System_Onchip_Memory               ; --         ;
; IP_TOOL_VERSION                     ; 13.0                                                           ; --            ; Video_System_addr_router                 ; --         ;
; IP_TOOL_VERSION                     ; 13.0                                                           ; --            ; Video_System_addr_router_001             ; --         ;
; IP_TOOL_VERSION                     ; 13.0                                                           ; --            ; Video_System_addr_router_002             ; --         ;
; IP_TOOL_VERSION                     ; 13.0                                                           ; --            ; Video_System_cmd_xbar_demux              ; --         ;
; IP_TOOL_VERSION                     ; 13.0                                                           ; --            ; Video_System_cmd_xbar_demux_001          ; --         ;
; IP_TOOL_VERSION                     ; 13.0                                                           ; --            ; Video_System_cmd_xbar_demux_002          ; --         ;
; IP_TOOL_VERSION                     ; 13.0                                                           ; --            ; Video_System_cmd_xbar_mux                ; --         ;
; IP_TOOL_VERSION                     ; 13.0                                                           ; --            ; Video_System_cmd_xbar_mux_004            ; --         ;
; IP_TOOL_VERSION                     ; 13.0                                                           ; --            ; Video_System_id_router                   ; --         ;
; IP_TOOL_VERSION                     ; 13.0                                                           ; --            ; Video_System_id_router_002               ; --         ;
; IP_TOOL_VERSION                     ; 13.0                                                           ; --            ; Video_System_id_router_003               ; --         ;
; IP_TOOL_VERSION                     ; 13.0                                                           ; --            ; Video_System_id_router_004               ; --         ;
; IP_TOOL_VERSION                     ; 13.0                                                           ; --            ; Video_System_irq_mapper                  ; --         ;
; IP_TOOL_VERSION                     ; 13.0.1.99.2                                                    ; --            ; Video_System_pio_0                       ; --         ;
; IP_TOOL_VERSION                     ; 13.0                                                           ; --            ; Video_System_rsp_xbar_demux_002          ; --         ;
; IP_TOOL_VERSION                     ; 13.0                                                           ; --            ; Video_System_rsp_xbar_demux_003          ; --         ;
; IP_TOOL_VERSION                     ; 13.0                                                           ; --            ; Video_System_rsp_xbar_demux_004          ; --         ;
; IP_TOOL_VERSION                     ; 13.0                                                           ; --            ; Video_System_rsp_xbar_mux                ; --         ;
; IP_TOOL_VERSION                     ; 13.0                                                           ; --            ; Video_System_rsp_xbar_mux_001            ; --         ;
; IP_TOOL_VERSION                     ; 13.0                                                           ; --            ; altera_avalon_sc_fifo                    ; --         ;
; IP_TOOL_VERSION                     ; 13.0                                                           ; --            ; altera_avalon_st_handshake_clock_crosser ; --         ;
; IP_TOOL_VERSION                     ; 13.0                                                           ; --            ; altera_merlin_burst_adapter              ; --         ;
; IP_TOOL_VERSION                     ; 13.0                                                           ; --            ; altera_merlin_master_agent               ; --         ;
; IP_TOOL_VERSION                     ; 13.0                                                           ; --            ; altera_merlin_master_translator          ; --         ;
; IP_TOOL_VERSION                     ; 13.0                                                           ; --            ; altera_merlin_slave_agent                ; --         ;
; IP_TOOL_VERSION                     ; 13.0                                                           ; --            ; altera_merlin_slave_translator           ; --         ;
; IP_TOOL_VERSION                     ; 13.0                                                           ; --            ; altera_merlin_width_adapter              ; --         ;
; IP_TOOL_VERSION                     ; 13.0                                                           ; --            ; altera_reset_controller                  ; --         ;
; MAX_CORE_JUNCTION_TEMP              ; 85                                                             ; --            ; --                                       ; --         ;
; MIN_CORE_JUNCTION_TEMP              ; 0                                                              ; --            ; --                                       ; --         ;
; MISC_FILE                           ; Video_System/synthesis/../../Video_System.cmp                  ; --            ; --                                       ; --         ;
; MISC_FILE                           ; Video_System/synthesis/../../Video_System.qsys                 ; --            ; --                                       ; --         ;
; PARTITION_COLOR                     ; 16764057                                                       ; --            ; --                                       ; Top        ;
; PARTITION_FITTER_PRESERVATION_LEVEL ; PLACEMENT_AND_ROUTING                                          ; --            ; --                                       ; Top        ;
; PARTITION_NETLIST_TYPE              ; SOURCE                                                         ; --            ; --                                       ; Top        ;
; SLD_INFO                            ; QSYS_NAME Video_System HAS_SOPCINFO 1 GENERATION_ID 1417287576 ; --            ; Video_System                             ; --         ;
; SOPCINFO_FILE                       ; Video_System/synthesis/../../Video_System.sopcinfo             ; --            ; --                                       ; --         ;
; SYNTHESIS_ONLY_QIP                  ; On                                                             ; --            ; --                                       ; --         ;
+-------------------------------------+----------------------------------------------------------------+---------------+------------------------------------------+------------+


+-------------------------------------------------------------------------------------------------------------------------------+
; Flow Elapsed Time                                                                                                             ;
+---------------------------+--------------+-------------------------+---------------------+------------------------------------+
; Module Name               ; Elapsed Time ; Average Processors Used ; Peak Virtual Memory ; Total CPU Time (on all processors) ;
+---------------------------+--------------+-------------------------+---------------------+------------------------------------+
; Analysis & Synthesis      ; 00:00:33     ; 1.0                     ; 621 MB              ; 00:00:28                           ;
; Fitter                    ; 00:00:34     ; 1.0                     ; 683 MB              ; 00:00:29                           ;
; Assembler                 ; 00:00:04     ; 1.0                     ; 423 MB              ; 00:00:03                           ;
; TimeQuest Timing Analyzer ; 00:00:03     ; 1.0                     ; 456 MB              ; 00:00:02                           ;
; Total                     ; 00:01:14     ; --                      ; --                  ; 00:01:02                           ;
+---------------------------+--------------+-------------------------+---------------------+------------------------------------+


+----------------------------------------------------------------------------------------+
; Flow OS Summary                                                                        ;
+---------------------------+------------------+-----------+------------+----------------+
; Module Name               ; Machine Hostname ; OS Name   ; OS Version ; Processor type ;
+---------------------------+------------------+-----------+------------+----------------+
; Analysis & Synthesis      ; Josue-PC         ; Windows 7 ; 6.1        ; x86_64         ;
; Fitter                    ; Josue-PC         ; Windows 7 ; 6.1        ; x86_64         ;
; Assembler                 ; Josue-PC         ; Windows 7 ; 6.1        ; x86_64         ;
; TimeQuest Timing Analyzer ; Josue-PC         ; Windows 7 ; 6.1        ; x86_64         ;
+---------------------------+------------------+-----------+------------+----------------+


------------
; Flow Log ;
------------
quartus_map --read_settings_files=on --write_settings_files=off Example_3_Both_Buffers -c Example_3_Both_Buffers
quartus_fit --read_settings_files=off --write_settings_files=off Example_3_Both_Buffers -c Example_3_Both_Buffers
quartus_asm --read_settings_files=off --write_settings_files=off Example_3_Both_Buffers -c Example_3_Both_Buffers
quartus_sta Example_3_Both_Buffers -c Example_3_Both_Buffers



